<?xml version="1.0" encoding="UTF-8"?>
<!-- Generated by org.testng.reporters.JUnitReportReporter -->
<testsuite hostname="Raghav4535" name="testCases.Verify_valid_Login" tests="1" failures="0" timestamp="3 Apr 2017 12:32:45 GMT" time="6.704" errors="0">
  <testcase name="checkValidUser" time="6.704" classname="testCases.Verify_valid_Login"/>
</testsuite> <!-- testCases.Verify_valid_Login -->
